<?xml version="1.0" encoding="UTF-8"?>
<!-- Generated by org.testng.reporters.JUnitReportReporter -->
<testsuite skipped="0" hostname="sys" name="com.orange.qa.testcases.Loginpagetest" tests="3" failures="0" timestamp="22 Jun 2019 09:11:02 GMT" time="42.912" errors="0">
  <testcase name="logintest" time="17.811" classname="com.orange.qa.testcases.Loginpagetest"/>
  <testcase name="loginpageTitletest" time="12.676" classname="com.orange.qa.testcases.Loginpagetest"/>
  <testcase name="loginpagetexttest" time="12.425" classname="com.orange.qa.testcases.Loginpagetest"/>
</testsuite> <!-- com.orange.qa.testcases.Loginpagetest -->
