<?xml version="1.0" encoding="UTF-8"?>
<!-- Generated by org.testng.reporters.JUnitReportReporter -->
<testsuite skipped="0" hostname="sys" name="com.orange.qa.testcases.HomepageTest" tests="2" failures="0" timestamp="22 Jun 2019 09:15:24 GMT" time="32.618" errors="0">
  <testcase name="verifylogo" time="12.857" classname="com.orange.qa.testcases.HomepageTest"/>
  <testcase name="clickonPimpage" time="19.761" classname="com.orange.qa.testcases.HomepageTest"/>
</testsuite> <!-- com.orange.qa.testcases.HomepageTest -->
